{
  "RSpec": {
    "coverage": {
      "/home/jcamposs/Universidad_12-13/Ingenieria_de_Sistemas_de_Informacion/Practicas/Practica-Intro-Rails/P4/P4_rottenpotatoes/app/controllers/application_controller.rb": [
        1,
        1,
        null
      ],
      "/home/jcamposs/Universidad_12-13/Ingenieria_de_Sistemas_de_Informacion/Practicas/Practica-Intro-Rails/P4/P4_rottenpotatoes/app/helpers/application_helper.rb": [
        1,
        null
      ],
      "/home/jcamposs/Universidad_12-13/Ingenieria_de_Sistemas_de_Informacion/Practicas/Practica-Intro-Rails/P4/P4_rottenpotatoes/app/helpers/movies_helper.rb": [
        1,
        null,
        1,
        0,
        null,
        null
      ],
      "/home/jcamposs/Universidad_12-13/Ingenieria_de_Sistemas_de_Informacion/Practicas/Practica-Intro-Rails/P4/P4_rottenpotatoes/app/controllers/movies_controller.rb": [
        1,
        null,
        1,
        1,
        1,
        null,
        null,
        null,
        1,
        5,
        5,
        null,
        2,
        null,
        2,
        null,
        5,
        5,
        null,
        5,
        24,
        null,
        null,
        5,
        4,
        4,
        4,
        null,
        null,
        1,
        1,
        1,
        1,
        1,
        null,
        0,
        null,
        null,
        1,
        null,
        null,
        null,
        1,
        2,
        0,
        null,
        2,
        2,
        2,
        null,
        null,
        null,
        1,
        1,
        null,
        null,
        1,
        2,
        2,
        0,
        null,
        2,
        2,
        2,
        null,
        null,
        null,
        1,
        2,
        2,
        2,
        2,
        null,
        null,
        1,
        4,
        1,
        1,
        1,
        null,
        3,
        3,
        0,
        0,
        null,
        null,
        null,
        1,
        5,
        5,
        4,
        1,
        1,
        null,
        1,
        1,
        1,
        null,
        null,
        null,
        null
      ],
      "/home/jcamposs/Universidad_12-13/Ingenieria_de_Sistemas_de_Informacion/Practicas/Practica-Intro-Rails/P4/P4_rottenpotatoes/app/models/movie.rb": [
        1,
        null,
        1,
        null,
        1,
        5,
        null,
        null,
        1,
        1,
        null,
        null,
        1,
        2,
        null,
        null,
        1,
        3,
        3,
        3,
        2,
        1,
        null,
        1,
        1,
        null,
        0,
        null,
        null,
        null,
        null,
        null
      ]
    },
    "timestamp": 1352769221
  }
}
